<?xml version="1.0" encoding="UTF-8"?>
<!-- Generated by org.testng.reporters.JUnitReportReporter -->
<testsuite hostname="SumitNimbark-PC" failures="0" tests="1" name="VerifyHome" time="0.031" errors="0" timestamp="2019-09-21T08:57:48 IST" skipped="0">
  <testcase classname="VerifyHome" name="TestHome" time="0.031"/>
</testsuite> <!-- VerifyHome -->
