<?xml version="1.0" encoding="UTF-8"?>
<!-- Generated by org.testng.reporters.JUnitReportReporter -->
<testsuite hostname="SumitNimbark-PC" failures="0" tests="1" name="Testcases.VerifyLoginPage" time="42.505" errors="0" timestamp="2019-09-28T07:55:23 IST" skipped="0">
  <testcase classname="Testcases.VerifyLoginPage" name="TestLoginPage" time="42.505"/>
</testsuite> <!-- Testcases.VerifyLoginPage -->
