<?xml version="1.0" encoding="UTF-8"?>
<!-- Generated by org.testng.reporters.JUnitReportReporter -->
<testsuite hostname="SumitNimbark-PC" failures="0" tests="1" name="Testcases.VerifyLoginPageWithReport" time="44.699" errors="0" timestamp="2019-10-02T00:09:32 IST" skipped="0">
  <testcase classname="Testcases.VerifyLoginPageWithReport" name="TestLoginPage" time="44.699"/>
</testsuite> <!-- Testcases.VerifyLoginPageWithReport -->
