<?xml version="1.0" encoding="UTF-8"?>
<!-- Generated by org.testng.reporters.JUnitReportReporter -->
<testsuite hostname="SumitNimbark-PC" failures="0" tests="1" name="Testcases.VerifyHomePage" time="36.909" errors="0" timestamp="2019-09-23T23:41:25 IST" skipped="0">
  <testcase classname="Testcases.VerifyHomePage" name="TestHomePage" time="36.909"/>
</testsuite> <!-- Testcases.VerifyHomePage -->
