<?xml version="1.0" encoding="UTF-8"?>
<!-- Generated by org.testng.reporters.JUnitReportReporter -->
<testsuite hostname="SumitNimbark-PC" failures="0" tests="1" name="Testcases.VerifyLoginPageWithReport" time="39.060" errors="0" timestamp="2019-10-19T23:44:00 IST" skipped="0">
  <testcase classname="Testcases.VerifyLoginPageWithReport" name="TestLoginPage" time="39.060"/>
</testsuite> <!-- Testcases.VerifyLoginPageWithReport -->
