<?xml version="1.0" encoding="UTF-8"?>
<!-- Generated by org.testng.reporters.JUnitReportReporter -->
<testsuite hostname="SumitNimbark-PC" failures="0" tests="1" name="Testcases.VerifyLoginPageWithReport2" time="44.779" errors="0" timestamp="2019-10-19T23:44:00 IST" skipped="0">
  <testcase classname="Testcases.VerifyLoginPageWithReport2" name="TestLoginPage" time="44.779"/>
</testsuite> <!-- Testcases.VerifyLoginPageWithReport2 -->
