<?xml version="1.0" encoding="UTF-8"?>
<!-- Generated by org.testng.reporters.JUnitReportReporter -->
<testsuite hostname="SumitNimbark-PC" failures="0" tests="1" name="Testcases.VerifyLoginPage" time="62.418" errors="0" timestamp="2019-10-19T23:44:00 IST" skipped="0">
  <testcase classname="Testcases.VerifyLoginPage" name="TestLoginPage" time="62.418"/>
</testsuite> <!-- Testcases.VerifyLoginPage -->
